root - INFO - *****Beggining of the process*****
root - INFO - Executing EDA...
root - INFO - *****Beggining EDA*****
root - INFO - Preprocessing-Loading data...
root - INFO - Preprocessing-Getting shape an duplicated data
root - INFO - Preprocessing-Displaying plots
root - INFO - *****End of EDA*****
root - INFO - Executing preprocessing...
root - INFO - *****Beggining of preprocessing*****
root - INFO - Preprocessing-Filling missing data. with "No"...
root - INFO - {'Preprocessing-Imputing missing values with mean and mode...'}
root - INFO - Preprocessing-Dropping unwanted data...
root - INFO - Preprocessing-Transforming data...
root - INFO - Preprocessing-Encoding categorical columns...
root - INFO - Preprocessing-Applying variable engineering...
root - INFO - Writting cleaned data...
root - INFO - *****End of preprocessing*****
root - INFO - Executing modeling...
root - INFO - *****Beggining of Modeling*****
root - INFO - MOdel-Loading cleaned data...
root - INFO - Model-Building model
root - INFO - MOdel-Writring predictions to csv...
root - INFO - *****End of preprocessing*****
root - INFO - *****End of the process*****
